<?xml version="1.0" encoding="UTF-8"?>
<!-- Generated by org.testng.reporters.JUnitReportReporter -->
<testsuite hostname="LINBLRHXFH8G3" failures="0" tests="1" name="com.inetbanking.testCases.TC_LoginTest_001" time="3.815" errors="0" timestamp="2023-02-02T13:11:33 IST" skipped="0">
  <testcase classname="com.inetbanking.testCases.TC_LoginTest_001" name="loginTest" time="3.815"/>
  <system-out/>
</testsuite> <!-- com.inetbanking.testCases.TC_LoginTest_001 -->
