<?xml version="1.0" encoding="UTF-8"?>
<!-- Generated by org.testng.reporters.JUnitReportReporter -->
<testsuite skipped="0" hostname="LINBLRHXFH8G3" name="com.inetbanking.testCases.TC_LoginTest_001" tests="1" failures="0" timestamp="2023-02-14T18:19:08 IST" time="12.862" errors="0">
  <testcase name="loginTest" time="12.862" classname="com.inetbanking.testCases.TC_LoginTest_001"/>
  <system-out/>
</testsuite> <!-- com.inetbanking.testCases.TC_LoginTest_001 -->
